Determining if the pthread_create exist failed with the following output:
Change Dir: /home/dxp/Documents/ProjetOpenGL/vox_temp/CMakeFiles/CMakeTmp

Run Build Command:/usr/bin/make "cmTryCompileExec186472836/fast"
/usr/bin/make -f CMakeFiles/cmTryCompileExec186472836.dir/build.make CMakeFiles/cmTryCompileExec186472836.dir/build
make[1]: Entering directory '/home/dxp/Documents/ProjetOpenGL/vox_temp/CMakeFiles/CMakeTmp'
/usr/bin/cmake -E cmake_progress_report /home/dxp/Documents/ProjetOpenGL/vox_temp/CMakeFiles/CMakeTmp/CMakeFiles 1
Building C object CMakeFiles/cmTryCompileExec186472836.dir/CheckSymbolExists.c.o
/usr/bin/cc    -o CMakeFiles/cmTryCompileExec186472836.dir/CheckSymbolExists.c.o   -c /home/dxp/Documents/ProjetOpenGL/vox_temp/CMakeFiles/CMakeTmp/CheckSymbolExists.c
Linking C executable cmTryCompileExec186472836
/usr/bin/cmake -E cmake_link_script CMakeFiles/cmTryCompileExec186472836.dir/link.txt --verbose=1
/usr/bin/cc       CMakeFiles/cmTryCompileExec186472836.dir/CheckSymbolExists.c.o  -o cmTryCompileExec186472836 -rdynamic 
CMakeFiles/cmTryCompileExec186472836.dir/CheckSymbolExists.c.o: dans la fonction « main »:
CheckSymbolExists.c:(.text+0x16): référence indéfinie vers « pthread_create »
collect2: error: ld returned 1 exit status
CMakeFiles/cmTryCompileExec186472836.dir/build.make:88: recipe for target 'cmTryCompileExec186472836' failed
make[1]: *** [cmTryCompileExec186472836] Error 1
make[1]: Leaving directory '/home/dxp/Documents/ProjetOpenGL/vox_temp/CMakeFiles/CMakeTmp'
Makefile:114: recipe for target 'cmTryCompileExec186472836/fast' failed
make: *** [cmTryCompileExec186472836/fast] Error 2

File /home/dxp/Documents/ProjetOpenGL/vox_temp/CMakeFiles/CMakeTmp/CheckSymbolExists.c:
/* */
#include <pthread.h>

int main(int argc, char** argv)
{
  (void)argv;
#ifndef pthread_create
  return ((int*)(&pthread_create))[argc];
#else
  (void)argc;
  return 0;
#endif
}

Determining if the function pthread_create exists in the pthreads failed with the following output:
Change Dir: /home/dxp/Documents/ProjetOpenGL/vox_temp/CMakeFiles/CMakeTmp

Run Build Command:/usr/bin/make "cmTryCompileExec1467770533/fast"
/usr/bin/make -f CMakeFiles/cmTryCompileExec1467770533.dir/build.make CMakeFiles/cmTryCompileExec1467770533.dir/build
make[1]: Entering directory '/home/dxp/Documents/ProjetOpenGL/vox_temp/CMakeFiles/CMakeTmp'
/usr/bin/cmake -E cmake_progress_report /home/dxp/Documents/ProjetOpenGL/vox_temp/CMakeFiles/CMakeTmp/CMakeFiles 1
Building C object CMakeFiles/cmTryCompileExec1467770533.dir/CheckFunctionExists.c.o
/usr/bin/cc   -DCHECK_FUNCTION_EXISTS=pthread_create   -o CMakeFiles/cmTryCompileExec1467770533.dir/CheckFunctionExists.c.o   -c /usr/share/cmake-2.8/Modules/CheckFunctionExists.c
Linking C executable cmTryCompileExec1467770533
/usr/bin/cmake -E cmake_link_script CMakeFiles/cmTryCompileExec1467770533.dir/link.txt --verbose=1
/usr/bin/cc   -DCHECK_FUNCTION_EXISTS=pthread_create    CMakeFiles/cmTryCompileExec1467770533.dir/CheckFunctionExists.c.o  -o cmTryCompileExec1467770533 -rdynamic -lpthreads 
/usr/bin/ld: ne peut trouver -lpthreads
collect2: error: ld returned 1 exit status
CMakeFiles/cmTryCompileExec1467770533.dir/build.make:88: recipe for target 'cmTryCompileExec1467770533' failed
make[1]: *** [cmTryCompileExec1467770533] Error 1
make[1]: Leaving directory '/home/dxp/Documents/ProjetOpenGL/vox_temp/CMakeFiles/CMakeTmp'
Makefile:114: recipe for target 'cmTryCompileExec1467770533/fast' failed
make: *** [cmTryCompileExec1467770533/fast] Error 2


